<?xml version="1.0" encoding="UTF-8"?>
<!-- Generated by org.testng.reporters.JUnitXMLReporter -->
<testsuite ignored="0" hostname="DESKTOP-GS919VB" failures="0" tests="4" name="Gonna to use swiggy orineted Test cases" time="0.116" errors="0" timestamp="2023-10-18T07:08:39 IST">
  <testcase classname="SeleniumMethods.Groupsexamples" name="bluetooth" time="0.012"/>
  <testcase classname="SeleniumMethods.Groupsexamples" name="breakfast" time="0.002"/>
  <testcase classname="SeleniumMethods.Groupsexamples" name="lunch" time="0.001"/>
  <testcase classname="SeleniumMethods.Groupsexamples" name="phone" time="0.002"/>
</testsuite> <!-- Gonna to use swiggy orineted Test cases -->
