<?xml version="1.0" encoding="UTF-8"?>
<!-- Generated by org.testng.reporters.JUnitXMLReporter -->
<testsuite ignored="0" hostname="DESKTOP-GS919VB" failures="0" tests="4" name="Swiggy" time="0.088" errors="0" timestamp="2023-10-18T07:13:46 IST">
  <testcase classname="SeleniumMethods.Groupsexamples" name="bluetooth" time="0.007"/>
  <testcase classname="SeleniumMethods.Groupsexamples" name="breakfast" time="0.002"/>
  <testcase classname="SeleniumMethods.Groupsexamples" name="lunch" time="0.001"/>
  <testcase classname="SeleniumMethods.Groupsexamples" name="phone" time="0.001"/>
</testsuite> <!-- Swiggy -->
