<?xml version="1.0" encoding="UTF-8"?>
<!-- Generated by org.testng.reporters.JUnitXMLReporter -->
<testsuite ignored="2" hostname="DESKTOP-GS919VB" failures="0" tests="2" name="test1" time="0.074" errors="0" timestamp="2023-10-18T07:18:17 IST">
  <testcase classname="SeleniumMethods.Groupsexamples" name="breakfast" time="0.005"/>
  <testcase classname="SeleniumMethods.Groupsexamples" name="lunch" time="0.001"/>
  <testcase classname="SeleniumMethods.Groupsexamples" name="bluetooth" time="0.0">
    <ignored/>
  </testcase> <!-- bluetooth -->
  <testcase classname="SeleniumMethods.Groupsexamples" name="phone" time="0.0">
    <ignored/>
  </testcase> <!-- phone -->
</testsuite> <!-- test1 -->
