<?xml version="1.0" encoding="UTF-8"?>
<!-- Generated by org.testng.reporters.JUnitXMLReporter -->
<testsuite ignored="2" hostname="DESKTOP-GS919VB" failures="0" tests="2" name="ToolsQA" time="0.075" errors="0" timestamp="2023-10-18T07:29:22 IST">
  <testcase classname="SeleniumMethods.Groupsexamples" name="breakfast" time="0.005"/>
  <testcase classname="SeleniumMethods.Groupsexamples" name="lunch" time="0.002"/>
  <testcase classname="SeleniumMethods.Groupsexamples" name="bluetooth" time="0.0">
    <ignored/>
  </testcase> <!-- bluetooth -->
  <testcase classname="SeleniumMethods.Groupsexamples" name="phone" time="0.0">
    <ignored/>
  </testcase> <!-- phone -->
</testsuite> <!-- ToolsQA -->
