<?xml version="1.0" encoding="UTF-8"?>
<testng-results ignored="0" total="2" passed="2" failed="0" skipped="0">
  <reporter-output>
  </reporter-output>
  <suite started-at="2023-10-18T07:30:45 IST" name="Test-Suite" finished-at="2023-10-18T07:30:45 IST" duration-ms="76">
    <groups>
      <group name="Swiggy">
        <method signature="Groupsexamples.breakfast()[pri:0, instance:SeleniumMethods.Groupsexamples@783a467b]" name="breakfast" class="SeleniumMethods.Groupsexamples"/>
        <method signature="Groupsexamples.lunch()[pri:0, instance:SeleniumMethods.Groupsexamples@783a467b]" name="lunch" class="SeleniumMethods.Groupsexamples"/>
      </group> <!-- Swiggy -->
    </groups>
    <test started-at="2023-10-18T07:30:45 IST" name="Test" finished-at="2023-10-18T07:30:45 IST" duration-ms="76">
      <class name="SeleniumMethods.Groupsexamples">
        <test-method is-config="true" signature="fooditesm()[pri:0, instance:SeleniumMethods.Groupsexamples@783a467b]" started-at="2023-10-18T07:30:45 IST" name="fooditesm" finished-at="2023-10-18T07:30:45 IST" duration-ms="7" status="PASS">
          <reporter-output>
          </reporter-output>
        </test-method> <!-- fooditesm -->
        <test-method signature="breakfast()[pri:0, instance:SeleniumMethods.Groupsexamples@783a467b]" started-at="2023-10-18T07:30:45 IST" name="breakfast" finished-at="2023-10-18T07:30:45 IST" duration-ms="6" status="PASS">
          <reporter-output>
          </reporter-output>
        </test-method> <!-- breakfast -->
        <test-method signature="lunch()[pri:0, instance:SeleniumMethods.Groupsexamples@783a467b]" started-at="2023-10-18T07:30:45 IST" name="lunch" finished-at="2023-10-18T07:30:45 IST" duration-ms="1" status="PASS">
          <reporter-output>
          </reporter-output>
        </test-method> <!-- lunch -->
      </class> <!-- SeleniumMethods.Groupsexamples -->
    </test> <!-- Test -->
  </suite> <!-- Test-Suite -->
</testng-results>
